info  2020-06-08T17:34:36.795 thread-0  chain_plugin.cpp:631          plugin_initialize    ] initializing chain plugin
info  2020-06-08T17:34:36.799 thread-0  chain_plugin.cpp:462          operator()           ] Support for builtin protocol feature 'PREACTIVATE_FEATURE' (with digest of '0ec7e080177b2c02b278d5088611686b49d739925a92d9bfcacd7fc6b74053bd') is enabled without activation restrictions
info  2020-06-08T17:34:36.799 thread-0  chain_plugin.cpp:449          operator()           ] Support for builtin protocol feature 'ONLY_LINK_TO_EXISTING_PERMISSION' (with digest of '1a99a59d87e06e09ec5b028a9cbb7749b4a5ad8819004365d02dc4379a8b7241') is enabled with preactivation required
info  2020-06-08T17:34:36.799 thread-0  chain_plugin.cpp:449          operator()           ] Support for builtin protocol feature 'FORWARD_SETCODE' (with digest of '2652f5f96006294109b3dd0bbde63693f55324af452b799ee137a81a905eed25') is enabled with preactivation required
info  2020-06-08T17:34:36.799 thread-0  chain_plugin.cpp:449          operator()           ] Support for builtin protocol feature 'WTMSIG_BLOCK_SIGNATURES' (with digest of '299dcb6af692324b899b39f16d5a530a33062804e41f09dc97e9f156b4476707') is enabled with preactivation required
info  2020-06-08T17:34:36.799 thread-0  chain_plugin.cpp:449          operator()           ] Support for builtin protocol feature 'REPLACE_DEFERRED' (with digest of 'ef43112c6543b88db2283a2e077278c315ae2c84719a8b25f25cc88565fbea99') is enabled with preactivation required
info  2020-06-08T17:34:36.799 thread-0  chain_plugin.cpp:449          operator()           ] Support for builtin protocol feature 'NO_DUPLICATE_DEFERRED_ID' (with digest of '4a90c00d55454dc5b059055ca213579c6ea856967712a56017487886a4d4cc0f') is enabled with preactivation required
info  2020-06-08T17:34:36.799 thread-0  chain_plugin.cpp:449          operator()           ] Support for builtin protocol feature 'RAM_RESTRICTIONS' (with digest of '4e7bf348da00a945489b2a681749eb56f5de00b900014e137ddae39f48f69d67') is enabled with preactivation required
info  2020-06-08T17:34:36.800 thread-0  chain_plugin.cpp:449          operator()           ] Support for builtin protocol feature 'WEBAUTHN_KEY' (with digest of '4fca8bd82bbd181e714e283f83e1b45d95ca5af40fb89ad3977b653c448f78c2') is enabled with preactivation required
info  2020-06-08T17:34:36.800 thread-0  chain_plugin.cpp:449          operator()           ] Support for builtin protocol feature 'DISALLOW_EMPTY_PRODUCER_SCHEDULE' (with digest of '68dcaa34c0517d19666e6b33add67351d8c5f69e999ca1e37931bc410a297428') is enabled with preactivation required
info  2020-06-08T17:34:36.800 thread-0  chain_plugin.cpp:449          operator()           ] Support for builtin protocol feature 'ONLY_BILL_FIRST_AUTHORIZER' (with digest of '8ba52fe7a3956c5cd3a656a3174b931d3bb2abb45578befc59f283ecd816a405') is enabled with preactivation required
info  2020-06-08T17:34:36.800 thread-0  chain_plugin.cpp:449          operator()           ] Support for builtin protocol feature 'RESTRICT_ACTION_TO_SELF' (with digest of 'ad9e3d8f650687709fd68f4b90b41f7d825a365b02c23a636cef88ac2ac00c43') is enabled with preactivation required
info  2020-06-08T17:34:36.800 thread-0  chain_plugin.cpp:449          operator()           ] Support for builtin protocol feature 'FIX_LINKAUTH_RESTRICTION' (with digest of 'e0fb64b1085cc5538970158d05a009c24e276fb94e1a0bf6a528b48fbc4ff526') is enabled with preactivation required
info  2020-06-08T17:34:36.800 thread-0  chain_plugin.cpp:449          operator()           ] Support for builtin protocol feature 'GET_SENDER' (with digest of 'f0af56d2c5a48d60a4a5b5c903edfb7db3a736a94ed589d0b797df33ff9d3e1d') is enabled with preactivation required
info  2020-06-08T17:34:36.800 thread-0  chain_plugin.cpp:449          operator()           ] Support for builtin protocol feature 'CONFIGURABLE_WASM_LIMITS' (with digest of 'bf61537fd21c61a60e542a5d66c3f6a78da0589336868307f94a82bccea84e88') is enabled with preactivation required
info  2020-06-08T17:34:36.800 thread-0  chain_plugin.cpp:559          operator()           ] Saved default specification for builtin protocol feature 'CONFIGURABLE_WASM_LIMITS' (with digest of 'bf61537fd21c61a60e542a5d66c3f6a78da0589336868307f94a82bccea84e88') to: /Users/qing.zhang/Library/Application Support/eosio/nodeos/config/protocol_features/BUILTIN-CONFIGURABLE_WASM_LIMITS.json
info  2020-06-08T17:34:36.800 thread-0  chain_plugin.cpp:449          operator()           ] Support for builtin protocol feature 'KV_DATABASE' (with digest of '825ee6288fb1373eab1b5187ec2f04f6eacb39cb3a97f356a07c91622dd61d16') is enabled with preactivation required
info  2020-06-08T17:34:36.800 thread-0  chain_plugin.cpp:559          operator()           ] Saved default specification for builtin protocol feature 'KV_DATABASE' (with digest of '825ee6288fb1373eab1b5187ec2f04f6eacb39cb3a97f356a07c91622dd61d16') to: /Users/qing.zhang/Library/Application Support/eosio/nodeos/config/protocol_features/BUILTIN-KV_DATABASE.json
info  2020-06-08T17:34:36.800 thread-0  chain_plugin.cpp:449          operator()           ] Support for builtin protocol feature 'ACTION_RETURN_VALUE' (with digest of 'c3a6138c5061cf291310887c0b5c71fcaffeab90d5deb50d3b9e687cead45071') is enabled with preactivation required
info  2020-06-08T17:34:36.801 thread-0  chain_plugin.cpp:559          operator()           ] Saved default specification for builtin protocol feature 'ACTION_RETURN_VALUE' (with digest of 'c3a6138c5061cf291310887c0b5c71fcaffeab90d5deb50d3b9e687cead45071') to: /Users/qing.zhang/Library/Application Support/eosio/nodeos/config/protocol_features/BUILTIN-ACTION_RETURN_VALUE.json
info  2020-06-08T17:34:36.802 thread-0  chain_plugin.cpp:955          plugin_initialize    ] Starting fresh blockchain state using genesis state extracted from blocks.log.
warn  2020-06-08T17:34:36.802 thread-0  chain_plugin.cpp:1183         plugin_initialize    ] 13 N5boost10wrapexceptINSt3__112system_errorEEE: Database dirty flag set
rethrow Database dirty flag set: 
    {"what":"Database dirty flag set"}
    thread-0  chain_plugin.cpp:1183 plugin_initialize

error 2020-06-08T17:34:36.802 thread-0  main.cpp:148                  main                 ] Database dirty flag set (likely due to unclean shutdown): replay required
